<?xml version="1.0" encoding="UTF-8"?>
<!-- Generated by org.testng.reporters.JUnitReportReporter -->
<testsuite hostname="DESKTOP-5UP56MI" name="TestPackage.TestClass2" tests="1" failures="0" timestamp="1 Jun 2020 18:28:31 GMT" time="0.010" errors="0">
  <testcase name="TestClass2Method1" time="0.010" classname="TestPackage.TestClass2"/>
</testsuite> <!-- TestPackage.TestClass2 -->
