<?xml version="1.0" encoding="UTF-8"?>
<!-- Generated by org.testng.reporters.JUnitReportReporter -->
<testsuite hostname="DESKTOP-5UP56MI" name="TestPackage.TestClass1" tests="2" failures="0" timestamp="1 Jun 2020 18:28:20 GMT" time="0.018" errors="0">
  <testcase name="TestClass1Method1" time="0.012" classname="TestPackage.TestClass1"/>
  <testcase name="TestClass1Method2" time="0.006" classname="TestPackage.TestClass1"/>
</testsuite> <!-- TestPackage.TestClass1 -->
